1723654749.908148 client started (68836): version 3.4, socket /tmp/tmux-1000/default, protocol 8
1723654749.908163 on Linux 6.9.5 #1-NixOS SMP PREEMPT_DYNAMIC Sun Jun 16 11:51:16 UTC 2024
1723654749.908164 using libevent 2.1.12-stable poll
1723654749.908168 using utf8proc 2.9.0
1723654749.908169 using ncurses 6.4 20221231
1723654749.908176 flags are 0x18010000
1723654749.908180 socket is /tmp/tmux-1000/default
1723654749.908186 trying connect
1723654749.908213 add peer 0x85b6340: 6 ((nil))
1723654749.908370 sending message 100 to peer 0x85b6340 (4 bytes)
1723654749.908373 sending message 111 to peer 0x85b6340 (8 bytes)
1723654749.908374 sending message 101 to peer 0x85b6340 (15 bytes)
1723654749.908375 sending message 109 to peer 0x85b6340 (4 bytes)
1723654749.908376 sending message 102 to peer 0x85b6340 (11 bytes)
1723654749.908377 sending message 108 to peer 0x85b6340 (26 bytes)
1723654749.908378 sending message 112 to peer 0x85b6340 (58 bytes)
1723654749.908380 sending message 112 to peer 0x85b6340 (5 bytes)
1723654749.908381 sending message 112 to peer 0x85b6340 (5 bytes)
1723654749.908382 sending message 112 to peer 0x85b6340 (6 bytes)
1723654749.908383 sending message 112 to peer 0x85b6340 (6 bytes)
1723654749.908384 sending message 112 to peer 0x85b6340 (11 bytes)
1723654749.908385 sending message 112 to peer 0x85b6340 (10 bytes)
1723654749.908386 sending message 112 to peer 0x85b6340 (13 bytes)
1723654749.908387 sending message 112 to peer 0x85b6340 (14 bytes)
1723654749.908388 sending message 112 to peer 0x85b6340 (19 bytes)
1723654749.908389 sending message 112 to peer 0x85b6340 (11 bytes)
1723654749.908390 sending message 112 to peer 0x85b6340 (10 bytes)
1723654749.908391 sending message 112 to peer 0x85b6340 (15 bytes)
1723654749.908392 sending message 112 to peer 0x85b6340 (21 bytes)
1723654749.908393 sending message 112 to peer 0x85b6340 (13 bytes)
1723654749.908394 sending message 112 to peer 0x85b6340 (7 bytes)
1723654749.908395 sending message 112 to peer 0x85b6340 (13 bytes)
1723654749.908396 sending message 112 to peer 0x85b6340 (7 bytes)
1723654749.908397 sending message 112 to peer 0x85b6340 (13 bytes)
1723654749.908398 sending message 112 to peer 0x85b6340 (9 bytes)
1723654749.908399 sending message 112 to peer 0x85b6340 (21 bytes)
1723654749.908400 sending message 112 to peer 0x85b6340 (13 bytes)
1723654749.908401 sending message 112 to peer 0x85b6340 (9 bytes)
1723654749.908402 sending message 112 to peer 0x85b6340 (16 bytes)
1723654749.908403 sending message 112 to peer 0x85b6340 (13 bytes)
1723654749.908404 sending message 112 to peer 0x85b6340 (9 bytes)
1723654749.908405 sending message 112 to peer 0x85b6340 (9 bytes)
1723654749.908406 sending message 112 to peer 0x85b6340 (12 bytes)
1723654749.908407 sending message 112 to peer 0x85b6340 (8 bytes)
1723654749.908408 sending message 112 to peer 0x85b6340 (8 bytes)
1723654749.908409 sending message 112 to peer 0x85b6340 (13 bytes)
1723654749.908410 sending message 112 to peer 0x85b6340 (7 bytes)
1723654749.908411 sending message 112 to peer 0x85b6340 (7 bytes)
1723654749.908412 sending message 112 to peer 0x85b6340 (9 bytes)
1723654749.908413 sending message 112 to peer 0x85b6340 (9 bytes)
1723654749.908414 sending message 112 to peer 0x85b6340 (15 bytes)
1723654749.908415 sending message 112 to peer 0x85b6340 (13 bytes)
1723654749.908416 sending message 112 to peer 0x85b6340 (12 bytes)
1723654749.908417 sending message 112 to peer 0x85b6340 (8 bytes)
1723654749.908418 sending message 112 to peer 0x85b6340 (14 bytes)
1723654749.908419 sending message 112 to peer 0x85b6340 (11 bytes)
1723654749.908420 sending message 112 to peer 0x85b6340 (9 bytes)
1723654749.908421 sending message 112 to peer 0x85b6340 (10 bytes)
1723654749.908422 sending message 112 to peer 0x85b6340 (10 bytes)
1723654749.908423 sending message 112 to peer 0x85b6340 (10 bytes)
1723654749.908424 sending message 112 to peer 0x85b6340 (10 bytes)
1723654749.908425 sending message 112 to peer 0x85b6340 (11 bytes)
1723654749.908426 sending message 112 to peer 0x85b6340 (12 bytes)
1723654749.908427 sending message 112 to peer 0x85b6340 (12 bytes)
1723654749.908431 sending message 112 to peer 0x85b6340 (12 bytes)
1723654749.908432 sending message 112 to peer 0x85b6340 (12 bytes)
1723654749.908433 sending message 112 to peer 0x85b6340 (12 bytes)
1723654749.908434 sending message 112 to peer 0x85b6340 (11 bytes)
1723654749.908435 sending message 112 to peer 0x85b6340 (11 bytes)
1723654749.908436 sending message 112 to peer 0x85b6340 (12 bytes)
1723654749.908437 sending message 112 to peer 0x85b6340 (12 bytes)
1723654749.908438 sending message 112 to peer 0x85b6340 (12 bytes)
1723654749.908439 sending message 112 to peer 0x85b6340 (12 bytes)
1723654749.908440 sending message 112 to peer 0x85b6340 (12 bytes)
1723654749.908441 sending message 112 to peer 0x85b6340 (9 bytes)
1723654749.908442 sending message 112 to peer 0x85b6340 (12 bytes)
1723654749.908443 sending message 112 to peer 0x85b6340 (13 bytes)
1723654749.908444 sending message 112 to peer 0x85b6340 (13 bytes)
1723654749.908445 sending message 112 to peer 0x85b6340 (13 bytes)
1723654749.908446 sending message 112 to peer 0x85b6340 (13 bytes)
1723654749.908447 sending message 112 to peer 0x85b6340 (13 bytes)
1723654749.908448 sending message 112 to peer 0x85b6340 (8 bytes)
1723654749.908449 sending message 112 to peer 0x85b6340 (11 bytes)
1723654749.908450 sending message 112 to peer 0x85b6340 (11 bytes)
1723654749.908452 sending message 112 to peer 0x85b6340 (11 bytes)
1723654749.908453 sending message 112 to peer 0x85b6340 (12 bytes)
1723654749.908454 sending message 112 to peer 0x85b6340 (12 bytes)
1723654749.908455 sending message 112 to peer 0x85b6340 (12 bytes)
1723654749.908456 sending message 112 to peer 0x85b6340 (12 bytes)
1723654749.908457 sending message 112 to peer 0x85b6340 (13 bytes)
1723654749.908458 sending message 112 to peer 0x85b6340 (13 bytes)
1723654749.908459 sending message 112 to peer 0x85b6340 (13 bytes)
1723654749.908460 sending message 112 to peer 0x85b6340 (8 bytes)
1723654749.908461 sending message 112 to peer 0x85b6340 (13 bytes)
1723654749.908462 sending message 112 to peer 0x85b6340 (13 bytes)
1723654749.908463 sending message 112 to peer 0x85b6340 (13 bytes)
1723654749.908464 sending message 112 to peer 0x85b6340 (13 bytes)
1723654749.908465 sending message 112 to peer 0x85b6340 (13 bytes)
1723654749.908466 sending message 112 to peer 0x85b6340 (12 bytes)
1723654749.908467 sending message 112 to peer 0x85b6340 (12 bytes)
1723654749.908468 sending message 112 to peer 0x85b6340 (12 bytes)
1723654749.908469 sending message 112 to peer 0x85b6340 (12 bytes)
1723654749.908470 sending message 112 to peer 0x85b6340 (13 bytes)
1723654749.908471 sending message 112 to peer 0x85b6340 (8 bytes)
1723654749.908472 sending message 112 to peer 0x85b6340 (13 bytes)
1723654749.908473 sending message 112 to peer 0x85b6340 (13 bytes)
1723654749.908474 sending message 112 to peer 0x85b6340 (13 bytes)
1723654749.908475 sending message 112 to peer 0x85b6340 (13 bytes)
1723654749.908476 sending message 112 to peer 0x85b6340 (13 bytes)
1723654749.908477 sending message 112 to peer 0x85b6340 (13 bytes)
1723654749.908478 sending message 112 to peer 0x85b6340 (13 bytes)
1723654749.908479 sending message 112 to peer 0x85b6340 (12 bytes)
1723654749.908480 sending message 112 to peer 0x85b6340 (12 bytes)
1723654749.908481 sending message 112 to peer 0x85b6340 (12 bytes)
1723654749.908482 sending message 112 to peer 0x85b6340 (8 bytes)
1723654749.908483 sending message 112 to peer 0x85b6340 (12 bytes)
1723654749.908484 sending message 112 to peer 0x85b6340 (13 bytes)
1723654749.908485 sending message 112 to peer 0x85b6340 (13 bytes)
1723654749.908486 sending message 112 to peer 0x85b6340 (13 bytes)
1723654749.908487 sending message 112 to peer 0x85b6340 (13 bytes)
1723654749.908488 sending message 112 to peer 0x85b6340 (13 bytes)
1723654749.908489 sending message 112 to peer 0x85b6340 (13 bytes)
1723654749.908490 sending message 112 to peer 0x85b6340 (13 bytes)
1723654749.908491 sending message 112 to peer 0x85b6340 (13 bytes)
1723654749.908492 sending message 112 to peer 0x85b6340 (12 bytes)
1723654749.908494 sending message 112 to peer 0x85b6340 (10 bytes)
1723654749.908495 sending message 112 to peer 0x85b6340 (12 bytes)
1723654749.908496 sending message 112 to peer 0x85b6340 (12 bytes)
1723654749.908497 sending message 112 to peer 0x85b6340 (12 bytes)
1723654749.908498 sending message 112 to peer 0x85b6340 (13 bytes)
1723654749.908499 sending message 112 to peer 0x85b6340 (13 bytes)
1723654749.908500 sending message 112 to peer 0x85b6340 (13 bytes)
1723654749.908501 sending message 112 to peer 0x85b6340 (13 bytes)
1723654749.908502 sending message 112 to peer 0x85b6340 (13 bytes)
1723654749.908503 sending message 112 to peer 0x85b6340 (13 bytes)
1723654749.908504 sending message 112 to peer 0x85b6340 (13 bytes)
1723654749.908505 sending message 112 to peer 0x85b6340 (10 bytes)
1723654749.908506 sending message 112 to peer 0x85b6340 (13 bytes)
1723654749.908507 sending message 112 to peer 0x85b6340 (12 bytes)
1723654749.908508 sending message 112 to peer 0x85b6340 (12 bytes)
1723654749.908509 sending message 112 to peer 0x85b6340 (12 bytes)
1723654749.908510 sending message 112 to peer 0x85b6340 (10 bytes)
1723654749.908511 sending message 112 to peer 0x85b6340 (10 bytes)
1723654749.908512 sending message 112 to peer 0x85b6340 (10 bytes)
1723654749.908513 sending message 112 to peer 0x85b6340 (12 bytes)
1723654749.908514 sending message 112 to peer 0x85b6340 (13 bytes)
1723654749.908515 sending message 112 to peer 0x85b6340 (13 bytes)
1723654749.908516 sending message 112 to peer 0x85b6340 (13 bytes)
1723654749.908517 sending message 112 to peer 0x85b6340 (13 bytes)
1723654749.908518 sending message 112 to peer 0x85b6340 (13 bytes)
1723654749.908519 sending message 112 to peer 0x85b6340 (10 bytes)
1723654749.908520 sending message 112 to peer 0x85b6340 (11 bytes)
1723654749.908521 sending message 112 to peer 0x85b6340 (12 bytes)
1723654749.908522 sending message 112 to peer 0x85b6340 (12 bytes)
1723654749.908523 sending message 112 to peer 0x85b6340 (12 bytes)
1723654749.908524 sending message 112 to peer 0x85b6340 (12 bytes)
1723654749.908525 sending message 112 to peer 0x85b6340 (12 bytes)
1723654749.908526 sending message 112 to peer 0x85b6340 (11 bytes)
1723654749.908527 sending message 112 to peer 0x85b6340 (12 bytes)
1723654749.908528 sending message 112 to peer 0x85b6340 (12 bytes)
1723654749.908529 sending message 112 to peer 0x85b6340 (13 bytes)
1723654749.908530 sending message 112 to peer 0x85b6340 (13 bytes)
1723654749.908531 sending message 112 to peer 0x85b6340 (13 bytes)
1723654749.908532 sending message 112 to peer 0x85b6340 (13 bytes)
1723654749.908533 sending message 112 to peer 0x85b6340 (13 bytes)
1723654749.908534 sending message 112 to peer 0x85b6340 (10 bytes)
1723654749.908535 sending message 112 to peer 0x85b6340 (9 bytes)
1723654749.908536 sending message 112 to peer 0x85b6340 (12 bytes)
1723654749.908537 sending message 112 to peer 0x85b6340 (13 bytes)
1723654749.908538 sending message 112 to peer 0x85b6340 (13 bytes)
1723654749.908539 sending message 112 to peer 0x85b6340 (13 bytes)
1723654749.908540 sending message 112 to peer 0x85b6340 (13 bytes)
1723654749.908541 sending message 112 to peer 0x85b6340 (13 bytes)
1723654749.908542 sending message 112 to peer 0x85b6340 (9 bytes)
1723654749.908543 sending message 112 to peer 0x85b6340 (12 bytes)
1723654749.908544 sending message 112 to peer 0x85b6340 (13 bytes)
1723654749.908545 sending message 112 to peer 0x85b6340 (13 bytes)
1723654749.908546 sending message 112 to peer 0x85b6340 (13 bytes)
1723654749.908547 sending message 112 to peer 0x85b6340 (13 bytes)
1723654749.908548 sending message 112 to peer 0x85b6340 (13 bytes)
1723654749.908549 sending message 112 to peer 0x85b6340 (11 bytes)
1723654749.908550 sending message 112 to peer 0x85b6340 (12 bytes)
1723654749.908551 sending message 112 to peer 0x85b6340 (13 bytes)
1723654749.908552 sending message 112 to peer 0x85b6340 (13 bytes)
1723654749.908553 sending message 112 to peer 0x85b6340 (13 bytes)
1723654749.908554 sending message 112 to peer 0x85b6340 (13 bytes)
1723654749.908556 sending message 112 to peer 0x85b6340 (13 bytes)
1723654749.908557 sending message 112 to peer 0x85b6340 (11 bytes)
1723654749.908558 sending message 112 to peer 0x85b6340 (12 bytes)
1723654749.908560 sending message 112 to peer 0x85b6340 (12 bytes)
1723654749.908561 sending message 112 to peer 0x85b6340 (12 bytes)
1723654749.908562 sending message 112 to peer 0x85b6340 (12 bytes)
1723654749.908563 sending message 112 to peer 0x85b6340 (12 bytes)
1723654749.908564 sending message 112 to peer 0x85b6340 (21 bytes)
1723654749.908565 sending message 112 to peer 0x85b6340 (12 bytes)
1723654749.908566 sending message 112 to peer 0x85b6340 (9 bytes)
1723654749.908567 sending message 112 to peer 0x85b6340 (6 bytes)
1723654749.908568 sending message 112 to peer 0x85b6340 (13 bytes)
1723654749.908569 sending message 112 to peer 0x85b6340 (10 bytes)
1723654749.908570 sending message 112 to peer 0x85b6340 (24 bytes)
1723654749.908571 sending message 112 to peer 0x85b6340 (13 bytes)
1723654749.908572 sending message 112 to peer 0x85b6340 (9 bytes)
1723654749.908573 sending message 112 to peer 0x85b6340 (70 bytes)
1723654749.908575 sending message 112 to peer 0x85b6340 (69 bytes)
1723654749.908576 sending message 112 to peer 0x85b6340 (12 bytes)
1723654749.908577 sending message 112 to peer 0x85b6340 (10 bytes)
1723654749.908578 sending message 112 to peer 0x85b6340 (10 bytes)
1723654749.908579 sending message 112 to peer 0x85b6340 (24 bytes)
1723654749.908580 sending message 112 to peer 0x85b6340 (13 bytes)
1723654749.908581 sending message 112 to peer 0x85b6340 (10 bytes)
1723654749.908582 sending message 112 to peer 0x85b6340 (10 bytes)
1723654749.908583 sending message 112 to peer 0x85b6340 (10 bytes)
1723654749.908584 sending message 112 to peer 0x85b6340 (13 bytes)
1723654749.908585 sending message 112 to peer 0x85b6340 (15 bytes)
1723654749.908586 sending message 112 to peer 0x85b6340 (5 bytes)
1723654749.908588 sending message 104 to peer 0x85b6340 (0 bytes)
1723654749.908589 sending message 110 to peer 0x85b6340 (0 bytes)
1723654749.908591 sending message 107 to peer 0x85b6340 (4 bytes)
1723654749.908592 sending message 105 to peer 0x85b6340 (30 bytes)
1723654749.908593 sending message 105 to peer 0x85b6340 (38 bytes)
1723654749.908594 sending message 105 to peer 0x85b6340 (240 bytes)
1723654749.908595 sending message 105 to peer 0x85b6340 (60 bytes)
1723654749.908596 sending message 105 to peer 0x85b6340 (35 bytes)
1723654749.908598 sending message 105 to peer 0x85b6340 (83 bytes)
1723654749.908599 sending message 105 to peer 0x85b6340 (20 bytes)
1723654749.908600 sending message 105 to peer 0x85b6340 (79 bytes)
1723654749.908601 sending message 105 to peer 0x85b6340 (54 bytes)
1723654749.908602 sending message 105 to peer 0x85b6340 (20 bytes)
1723654749.908603 sending message 105 to peer 0x85b6340 (38 bytes)
1723654749.908604 sending message 105 to peer 0x85b6340 (24 bytes)
1723654749.908605 sending message 105 to peer 0x85b6340 (304 bytes)
1723654749.908606 sending message 105 to peer 0x85b6340 (55 bytes)
1723654749.908608 sending message 105 to peer 0x85b6340 (12 bytes)
1723654749.908609 sending message 105 to peer 0x85b6340 (92 bytes)
1723654749.908610 sending message 105 to peer 0x85b6340 (14 bytes)
1723654749.908611 sending message 105 to peer 0x85b6340 (8 bytes)
1723654749.908612 sending message 105 to peer 0x85b6340 (978 bytes)
1723654749.908613 sending message 105 to peer 0x85b6340 (18 bytes)
1723654749.908615 sending message 105 to peer 0x85b6340 (23 bytes)
1723654749.908616 sending message 105 to peer 0x85b6340 (95 bytes)
1723654749.908617 sending message 105 to peer 0x85b6340 (17 bytes)
1723654749.908618 sending message 105 to peer 0x85b6340 (30 bytes)
1723654749.908619 sending message 105 to peer 0x85b6340 (591 bytes)
1723654749.908620 sending message 105 to peer 0x85b6340 (20 bytes)
1723654749.908621 sending message 105 to peer 0x85b6340 (20 bytes)
1723654749.908623 sending message 105 to peer 0x85b6340 (28 bytes)
1723654749.908624 sending message 105 to peer 0x85b6340 (21 bytes)
1723654749.908626 sending message 105 to peer 0x85b6340 (48 bytes)
1723654749.908627 sending message 105 to peer 0x85b6340 (77 bytes)
1723654749.908628 sending message 105 to peer 0x85b6340 (789 bytes)
1723654749.908630 sending message 105 to peer 0x85b6340 (17 bytes)
1723654749.908631 sending message 105 to peer 0x85b6340 (37 bytes)
1723654749.908632 sending message 105 to peer 0x85b6340 (727 bytes)
1723654749.908633 sending message 105 to peer 0x85b6340 (34 bytes)
1723654749.908634 sending message 105 to peer 0x85b6340 (31 bytes)
1723654749.908635 sending message 105 to peer 0x85b6340 (15 bytes)
1723654749.908636 sending message 105 to peer 0x85b6340 (28 bytes)
1723654749.908637 sending message 105 to peer 0x85b6340 (38 bytes)
1723654749.908638 sending message 105 to peer 0x85b6340 (112 bytes)
1723654749.908640 sending message 105 to peer 0x85b6340 (52 bytes)
1723654749.908641 sending message 105 to peer 0x85b6340 (21 bytes)
1723654749.908642 sending message 105 to peer 0x85b6340 (11 bytes)
1723654749.908643 sending message 105 to peer 0x85b6340 (12 bytes)
1723654749.908644 sending message 105 to peer 0x85b6340 (25 bytes)
1723654749.908645 sending message 105 to peer 0x85b6340 (20 bytes)
1723654749.908646 sending message 105 to peer 0x85b6340 (23 bytes)
1723654749.908647 sending message 105 to peer 0x85b6340 (58 bytes)
1723654749.908648 sending message 105 to peer 0x85b6340 (15 bytes)
1723654749.908649 sending message 105 to peer 0x85b6340 (64 bytes)
1723654749.908650 sending message 105 to peer 0x85b6340 (20 bytes)
1723654749.908651 sending message 105 to peer 0x85b6340 (104 bytes)
1723654749.908652 sending message 105 to peer 0x85b6340 (11 bytes)
1723654749.908653 sending message 105 to peer 0x85b6340 (111 bytes)
1723654749.908654 sending message 105 to peer 0x85b6340 (59 bytes)
1723654749.908656 sending message 105 to peer 0x85b6340 (41 bytes)
1723654749.908657 sending message 105 to peer 0x85b6340 (11 bytes)
1723654749.908658 sending message 105 to peer 0x85b6340 (21 bytes)
1723654749.908659 sending message 105 to peer 0x85b6340 (87 bytes)
1723654749.908660 sending message 105 to peer 0x85b6340 (349 bytes)
1723654749.908662 sending message 105 to peer 0x85b6340 (50 bytes)
1723654749.908663 sending message 105 to peer 0x85b6340 (529 bytes)
1723654749.908664 sending message 105 to peer 0x85b6340 (416 bytes)
1723654749.908665 sending message 105 to peer 0x85b6340 (21 bytes)
1723654749.908666 sending message 105 to peer 0x85b6340 (31 bytes)
1723654749.908667 sending message 105 to peer 0x85b6340 (15 bytes)
1723654749.908669 sending message 105 to peer 0x85b6340 (348 bytes)
1723654749.908670 sending message 105 to peer 0x85b6340 (72 bytes)
1723654749.908671 sending message 105 to peer 0x85b6340 (23 bytes)
1723654749.908672 sending message 105 to peer 0x85b6340 (31 bytes)
1723654749.908673 sending message 105 to peer 0x85b6340 (727 bytes)
1723654749.908675 sending message 105 to peer 0x85b6340 (15 bytes)
1723654749.908676 sending message 105 to peer 0x85b6340 (90 bytes)
1723654749.908677 sending message 105 to peer 0x85b6340 (29 bytes)
1723654749.908678 sending message 105 to peer 0x85b6340 (361 bytes)
1723654749.908679 sending message 105 to peer 0x85b6340 (43 bytes)
1723654749.908680 sending message 105 to peer 0x85b6340 (25 bytes)
1723654749.908681 sending message 105 to peer 0x85b6340 (12 bytes)
1723654749.908682 sending message 105 to peer 0x85b6340 (23 bytes)
1723654749.908683 sending message 105 to peer 0x85b6340 (36 bytes)
1723654749.908684 sending message 105 to peer 0x85b6340 (24 bytes)
1723654749.908685 sending message 105 to peer 0x85b6340 (57 bytes)
1723654749.908686 sending message 105 to peer 0x85b6340 (128 bytes)
1723654749.908687 sending message 105 to peer 0x85b6340 (27 bytes)
1723654749.908688 sending message 105 to peer 0x85b6340 (112 bytes)
1723654749.908689 sending message 105 to peer 0x85b6340 (61 bytes)
1723654749.908690 sending message 105 to peer 0x85b6340 (46 bytes)
1723654749.908691 sending message 105 to peer 0x85b6340 (20 bytes)
1723654749.908692 sending message 106 to peer 0x85b6340 (0 bytes)
1723654749.908705 cmd_pack_argv: argv[0]=new
1723654749.908708 sending message 200 to peer 0x85b6340 (8 bytes)
1723654749.908709 client loop enter
1723654749.909660 client loop exit
