1723654753.523445 client started (70101): version 3.4, socket /tmp/tmux-1000/default, protocol 8
1723654753.523462 on Linux 6.9.5 #1-NixOS SMP PREEMPT_DYNAMIC Sun Jun 16 11:51:16 UTC 2024
1723654753.523464 using libevent 2.1.12-stable poll
1723654753.523466 using utf8proc 2.9.0
1723654753.523467 using ncurses 6.4 20221231
1723654753.523474 flags are 0x18010000
1723654753.523479 socket is /tmp/tmux-1000/default
1723654753.523484 trying connect
1723654753.523508 add peer 0x1079d340: 6 ((nil))
1723654753.523687 sending message 100 to peer 0x1079d340 (4 bytes)
1723654753.523690 sending message 111 to peer 0x1079d340 (8 bytes)
1723654753.523691 sending message 101 to peer 0x1079d340 (15 bytes)
1723654753.523692 sending message 109 to peer 0x1079d340 (4 bytes)
1723654753.523693 sending message 102 to peer 0x1079d340 (11 bytes)
1723654753.523695 sending message 108 to peer 0x1079d340 (26 bytes)
1723654753.523696 sending message 112 to peer 0x1079d340 (58 bytes)
1723654753.523697 sending message 112 to peer 0x1079d340 (5 bytes)
1723654753.523698 sending message 112 to peer 0x1079d340 (5 bytes)
1723654753.523703 sending message 112 to peer 0x1079d340 (6 bytes)
1723654753.523706 sending message 112 to peer 0x1079d340 (6 bytes)
1723654753.523707 sending message 112 to peer 0x1079d340 (11 bytes)
1723654753.523708 sending message 112 to peer 0x1079d340 (10 bytes)
1723654753.523710 sending message 112 to peer 0x1079d340 (13 bytes)
1723654753.523711 sending message 112 to peer 0x1079d340 (14 bytes)
1723654753.523712 sending message 112 to peer 0x1079d340 (19 bytes)
1723654753.523713 sending message 112 to peer 0x1079d340 (11 bytes)
1723654753.523714 sending message 112 to peer 0x1079d340 (10 bytes)
1723654753.523715 sending message 112 to peer 0x1079d340 (15 bytes)
1723654753.523716 sending message 112 to peer 0x1079d340 (21 bytes)
1723654753.523717 sending message 112 to peer 0x1079d340 (13 bytes)
1723654753.523718 sending message 112 to peer 0x1079d340 (7 bytes)
1723654753.523719 sending message 112 to peer 0x1079d340 (13 bytes)
1723654753.523720 sending message 112 to peer 0x1079d340 (7 bytes)
1723654753.523722 sending message 112 to peer 0x1079d340 (13 bytes)
1723654753.523723 sending message 112 to peer 0x1079d340 (9 bytes)
1723654753.523724 sending message 112 to peer 0x1079d340 (21 bytes)
1723654753.523725 sending message 112 to peer 0x1079d340 (13 bytes)
1723654753.523726 sending message 112 to peer 0x1079d340 (9 bytes)
1723654753.523727 sending message 112 to peer 0x1079d340 (16 bytes)
1723654753.523728 sending message 112 to peer 0x1079d340 (13 bytes)
1723654753.523729 sending message 112 to peer 0x1079d340 (9 bytes)
1723654753.523730 sending message 112 to peer 0x1079d340 (9 bytes)
1723654753.523731 sending message 112 to peer 0x1079d340 (12 bytes)
1723654753.523732 sending message 112 to peer 0x1079d340 (8 bytes)
1723654753.523734 sending message 112 to peer 0x1079d340 (8 bytes)
1723654753.523735 sending message 112 to peer 0x1079d340 (13 bytes)
1723654753.523736 sending message 112 to peer 0x1079d340 (7 bytes)
1723654753.523737 sending message 112 to peer 0x1079d340 (7 bytes)
1723654753.523738 sending message 112 to peer 0x1079d340 (9 bytes)
1723654753.523739 sending message 112 to peer 0x1079d340 (9 bytes)
1723654753.523740 sending message 112 to peer 0x1079d340 (15 bytes)
1723654753.523741 sending message 112 to peer 0x1079d340 (13 bytes)
1723654753.523742 sending message 112 to peer 0x1079d340 (12 bytes)
1723654753.523743 sending message 112 to peer 0x1079d340 (8 bytes)
1723654753.523744 sending message 112 to peer 0x1079d340 (14 bytes)
1723654753.523746 sending message 112 to peer 0x1079d340 (11 bytes)
1723654753.523747 sending message 112 to peer 0x1079d340 (9 bytes)
1723654753.523748 sending message 112 to peer 0x1079d340 (10 bytes)
1723654753.523749 sending message 112 to peer 0x1079d340 (10 bytes)
1723654753.523750 sending message 112 to peer 0x1079d340 (10 bytes)
1723654753.523751 sending message 112 to peer 0x1079d340 (10 bytes)
1723654753.523752 sending message 112 to peer 0x1079d340 (11 bytes)
1723654753.523753 sending message 112 to peer 0x1079d340 (12 bytes)
1723654753.523758 sending message 112 to peer 0x1079d340 (12 bytes)
1723654753.523759 sending message 112 to peer 0x1079d340 (12 bytes)
1723654753.523760 sending message 112 to peer 0x1079d340 (12 bytes)
1723654753.523761 sending message 112 to peer 0x1079d340 (12 bytes)
1723654753.523763 sending message 112 to peer 0x1079d340 (11 bytes)
1723654753.523764 sending message 112 to peer 0x1079d340 (11 bytes)
1723654753.523765 sending message 112 to peer 0x1079d340 (12 bytes)
1723654753.523766 sending message 112 to peer 0x1079d340 (12 bytes)
1723654753.523767 sending message 112 to peer 0x1079d340 (12 bytes)
1723654753.523768 sending message 112 to peer 0x1079d340 (12 bytes)
1723654753.523769 sending message 112 to peer 0x1079d340 (12 bytes)
1723654753.523770 sending message 112 to peer 0x1079d340 (9 bytes)
1723654753.523771 sending message 112 to peer 0x1079d340 (12 bytes)
1723654753.523772 sending message 112 to peer 0x1079d340 (13 bytes)
1723654753.523773 sending message 112 to peer 0x1079d340 (13 bytes)
1723654753.523775 sending message 112 to peer 0x1079d340 (13 bytes)
1723654753.523776 sending message 112 to peer 0x1079d340 (13 bytes)
1723654753.523777 sending message 112 to peer 0x1079d340 (13 bytes)
1723654753.523778 sending message 112 to peer 0x1079d340 (8 bytes)
1723654753.523779 sending message 112 to peer 0x1079d340 (11 bytes)
1723654753.523780 sending message 112 to peer 0x1079d340 (11 bytes)
1723654753.523781 sending message 112 to peer 0x1079d340 (11 bytes)
1723654753.523782 sending message 112 to peer 0x1079d340 (12 bytes)
1723654753.523783 sending message 112 to peer 0x1079d340 (12 bytes)
1723654753.523784 sending message 112 to peer 0x1079d340 (12 bytes)
1723654753.523785 sending message 112 to peer 0x1079d340 (12 bytes)
1723654753.523787 sending message 112 to peer 0x1079d340 (13 bytes)
1723654753.523788 sending message 112 to peer 0x1079d340 (13 bytes)
1723654753.523789 sending message 112 to peer 0x1079d340 (13 bytes)
1723654753.523790 sending message 112 to peer 0x1079d340 (8 bytes)
1723654753.523791 sending message 112 to peer 0x1079d340 (13 bytes)
1723654753.523792 sending message 112 to peer 0x1079d340 (13 bytes)
1723654753.523793 sending message 112 to peer 0x1079d340 (13 bytes)
1723654753.523794 sending message 112 to peer 0x1079d340 (13 bytes)
1723654753.523795 sending message 112 to peer 0x1079d340 (13 bytes)
1723654753.523796 sending message 112 to peer 0x1079d340 (12 bytes)
1723654753.523797 sending message 112 to peer 0x1079d340 (12 bytes)
1723654753.523799 sending message 112 to peer 0x1079d340 (12 bytes)
1723654753.523800 sending message 112 to peer 0x1079d340 (12 bytes)
1723654753.523801 sending message 112 to peer 0x1079d340 (13 bytes)
1723654753.523802 sending message 112 to peer 0x1079d340 (8 bytes)
1723654753.523803 sending message 112 to peer 0x1079d340 (13 bytes)
1723654753.523804 sending message 112 to peer 0x1079d340 (13 bytes)
1723654753.523805 sending message 112 to peer 0x1079d340 (13 bytes)
1723654753.523806 sending message 112 to peer 0x1079d340 (13 bytes)
1723654753.523807 sending message 112 to peer 0x1079d340 (13 bytes)
1723654753.523808 sending message 112 to peer 0x1079d340 (13 bytes)
1723654753.523810 sending message 112 to peer 0x1079d340 (13 bytes)
1723654753.523811 sending message 112 to peer 0x1079d340 (12 bytes)
1723654753.523812 sending message 112 to peer 0x1079d340 (12 bytes)
1723654753.523813 sending message 112 to peer 0x1079d340 (12 bytes)
1723654753.523814 sending message 112 to peer 0x1079d340 (8 bytes)
1723654753.523815 sending message 112 to peer 0x1079d340 (12 bytes)
1723654753.523816 sending message 112 to peer 0x1079d340 (13 bytes)
1723654753.523817 sending message 112 to peer 0x1079d340 (13 bytes)
1723654753.523818 sending message 112 to peer 0x1079d340 (13 bytes)
1723654753.523819 sending message 112 to peer 0x1079d340 (13 bytes)
1723654753.523820 sending message 112 to peer 0x1079d340 (13 bytes)
1723654753.523822 sending message 112 to peer 0x1079d340 (13 bytes)
1723654753.523823 sending message 112 to peer 0x1079d340 (13 bytes)
1723654753.523825 sending message 112 to peer 0x1079d340 (13 bytes)
1723654753.523826 sending message 112 to peer 0x1079d340 (12 bytes)
1723654753.523827 sending message 112 to peer 0x1079d340 (10 bytes)
1723654753.523828 sending message 112 to peer 0x1079d340 (12 bytes)
1723654753.523829 sending message 112 to peer 0x1079d340 (12 bytes)
1723654753.523830 sending message 112 to peer 0x1079d340 (12 bytes)
1723654753.523832 sending message 112 to peer 0x1079d340 (13 bytes)
1723654753.523833 sending message 112 to peer 0x1079d340 (13 bytes)
1723654753.523834 sending message 112 to peer 0x1079d340 (13 bytes)
1723654753.523835 sending message 112 to peer 0x1079d340 (13 bytes)
1723654753.523836 sending message 112 to peer 0x1079d340 (13 bytes)
1723654753.523837 sending message 112 to peer 0x1079d340 (13 bytes)
1723654753.523838 sending message 112 to peer 0x1079d340 (13 bytes)
1723654753.523839 sending message 112 to peer 0x1079d340 (10 bytes)
1723654753.523840 sending message 112 to peer 0x1079d340 (13 bytes)
1723654753.523841 sending message 112 to peer 0x1079d340 (12 bytes)
1723654753.523842 sending message 112 to peer 0x1079d340 (12 bytes)
1723654753.523844 sending message 112 to peer 0x1079d340 (12 bytes)
1723654753.523845 sending message 112 to peer 0x1079d340 (10 bytes)
1723654753.523846 sending message 112 to peer 0x1079d340 (10 bytes)
1723654753.523847 sending message 112 to peer 0x1079d340 (10 bytes)
1723654753.523848 sending message 112 to peer 0x1079d340 (12 bytes)
1723654753.523849 sending message 112 to peer 0x1079d340 (13 bytes)
1723654753.523850 sending message 112 to peer 0x1079d340 (13 bytes)
1723654753.523851 sending message 112 to peer 0x1079d340 (13 bytes)
1723654753.523852 sending message 112 to peer 0x1079d340 (13 bytes)
1723654753.523853 sending message 112 to peer 0x1079d340 (13 bytes)
1723654753.523854 sending message 112 to peer 0x1079d340 (10 bytes)
1723654753.523855 sending message 112 to peer 0x1079d340 (11 bytes)
1723654753.523857 sending message 112 to peer 0x1079d340 (12 bytes)
1723654753.523858 sending message 112 to peer 0x1079d340 (12 bytes)
1723654753.523859 sending message 112 to peer 0x1079d340 (12 bytes)
1723654753.523860 sending message 112 to peer 0x1079d340 (12 bytes)
1723654753.523861 sending message 112 to peer 0x1079d340 (12 bytes)
1723654753.523862 sending message 112 to peer 0x1079d340 (11 bytes)
1723654753.523863 sending message 112 to peer 0x1079d340 (12 bytes)
1723654753.523864 sending message 112 to peer 0x1079d340 (12 bytes)
1723654753.523865 sending message 112 to peer 0x1079d340 (13 bytes)
1723654753.523866 sending message 112 to peer 0x1079d340 (13 bytes)
1723654753.523867 sending message 112 to peer 0x1079d340 (13 bytes)
1723654753.523869 sending message 112 to peer 0x1079d340 (13 bytes)
1723654753.523870 sending message 112 to peer 0x1079d340 (13 bytes)
1723654753.523871 sending message 112 to peer 0x1079d340 (10 bytes)
1723654753.523872 sending message 112 to peer 0x1079d340 (9 bytes)
1723654753.523873 sending message 112 to peer 0x1079d340 (12 bytes)
1723654753.523874 sending message 112 to peer 0x1079d340 (13 bytes)
1723654753.523875 sending message 112 to peer 0x1079d340 (13 bytes)
1723654753.523876 sending message 112 to peer 0x1079d340 (13 bytes)
1723654753.523877 sending message 112 to peer 0x1079d340 (13 bytes)
1723654753.523878 sending message 112 to peer 0x1079d340 (13 bytes)
1723654753.523880 sending message 112 to peer 0x1079d340 (9 bytes)
1723654753.523881 sending message 112 to peer 0x1079d340 (12 bytes)
1723654753.523882 sending message 112 to peer 0x1079d340 (13 bytes)
1723654753.523883 sending message 112 to peer 0x1079d340 (13 bytes)
1723654753.523884 sending message 112 to peer 0x1079d340 (13 bytes)
1723654753.523885 sending message 112 to peer 0x1079d340 (13 bytes)
1723654753.523886 sending message 112 to peer 0x1079d340 (13 bytes)
1723654753.523887 sending message 112 to peer 0x1079d340 (11 bytes)
1723654753.523888 sending message 112 to peer 0x1079d340 (12 bytes)
1723654753.523889 sending message 112 to peer 0x1079d340 (13 bytes)
1723654753.523891 sending message 112 to peer 0x1079d340 (13 bytes)
1723654753.523892 sending message 112 to peer 0x1079d340 (13 bytes)
1723654753.523894 sending message 112 to peer 0x1079d340 (13 bytes)
1723654753.523895 sending message 112 to peer 0x1079d340 (13 bytes)
1723654753.523896 sending message 112 to peer 0x1079d340 (11 bytes)
1723654753.523897 sending message 112 to peer 0x1079d340 (12 bytes)
1723654753.523898 sending message 112 to peer 0x1079d340 (12 bytes)
1723654753.523899 sending message 112 to peer 0x1079d340 (12 bytes)
1723654753.523900 sending message 112 to peer 0x1079d340 (12 bytes)
1723654753.523902 sending message 112 to peer 0x1079d340 (12 bytes)
1723654753.523903 sending message 112 to peer 0x1079d340 (21 bytes)
1723654753.523904 sending message 112 to peer 0x1079d340 (12 bytes)
1723654753.523905 sending message 112 to peer 0x1079d340 (9 bytes)
1723654753.523906 sending message 112 to peer 0x1079d340 (6 bytes)
1723654753.523908 sending message 112 to peer 0x1079d340 (13 bytes)
1723654753.523909 sending message 112 to peer 0x1079d340 (10 bytes)
1723654753.523910 sending message 112 to peer 0x1079d340 (24 bytes)
1723654753.523911 sending message 112 to peer 0x1079d340 (13 bytes)
1723654753.523912 sending message 112 to peer 0x1079d340 (9 bytes)
1723654753.523913 sending message 112 to peer 0x1079d340 (70 bytes)
1723654753.523915 sending message 112 to peer 0x1079d340 (69 bytes)
1723654753.523916 sending message 112 to peer 0x1079d340 (12 bytes)
1723654753.523917 sending message 112 to peer 0x1079d340 (10 bytes)
1723654753.523918 sending message 112 to peer 0x1079d340 (10 bytes)
1723654753.523919 sending message 112 to peer 0x1079d340 (24 bytes)
1723654753.523920 sending message 112 to peer 0x1079d340 (13 bytes)
1723654753.523922 sending message 112 to peer 0x1079d340 (10 bytes)
1723654753.523923 sending message 112 to peer 0x1079d340 (10 bytes)
1723654753.523924 sending message 112 to peer 0x1079d340 (10 bytes)
1723654753.523925 sending message 112 to peer 0x1079d340 (13 bytes)
1723654753.523926 sending message 112 to peer 0x1079d340 (15 bytes)
1723654753.523927 sending message 112 to peer 0x1079d340 (5 bytes)
1723654753.523929 sending message 104 to peer 0x1079d340 (0 bytes)
1723654753.523930 sending message 110 to peer 0x1079d340 (0 bytes)
1723654753.523932 sending message 107 to peer 0x1079d340 (4 bytes)
1723654753.523933 sending message 105 to peer 0x1079d340 (30 bytes)
1723654753.523934 sending message 105 to peer 0x1079d340 (38 bytes)
1723654753.523935 sending message 105 to peer 0x1079d340 (240 bytes)
1723654753.523937 sending message 105 to peer 0x1079d340 (60 bytes)
1723654753.523938 sending message 105 to peer 0x1079d340 (35 bytes)
1723654753.523939 sending message 105 to peer 0x1079d340 (83 bytes)
1723654753.523940 sending message 105 to peer 0x1079d340 (20 bytes)
1723654753.523942 sending message 105 to peer 0x1079d340 (79 bytes)
1723654753.523943 sending message 105 to peer 0x1079d340 (54 bytes)
1723654753.523944 sending message 105 to peer 0x1079d340 (20 bytes)
1723654753.523945 sending message 105 to peer 0x1079d340 (38 bytes)
1723654753.523946 sending message 105 to peer 0x1079d340 (24 bytes)
1723654753.523948 sending message 105 to peer 0x1079d340 (304 bytes)
1723654753.523949 sending message 105 to peer 0x1079d340 (55 bytes)
1723654753.523950 sending message 105 to peer 0x1079d340 (12 bytes)
1723654753.523951 sending message 105 to peer 0x1079d340 (92 bytes)
1723654753.523953 sending message 105 to peer 0x1079d340 (14 bytes)
1723654753.523954 sending message 105 to peer 0x1079d340 (8 bytes)
1723654753.523955 sending message 105 to peer 0x1079d340 (978 bytes)
1723654753.523956 sending message 105 to peer 0x1079d340 (18 bytes)
1723654753.523957 sending message 105 to peer 0x1079d340 (23 bytes)
1723654753.523959 sending message 105 to peer 0x1079d340 (95 bytes)
1723654753.523960 sending message 105 to peer 0x1079d340 (17 bytes)
1723654753.523961 sending message 105 to peer 0x1079d340 (30 bytes)
1723654753.523962 sending message 105 to peer 0x1079d340 (591 bytes)
1723654753.523964 sending message 105 to peer 0x1079d340 (20 bytes)
1723654753.523966 sending message 105 to peer 0x1079d340 (20 bytes)
1723654753.523967 sending message 105 to peer 0x1079d340 (28 bytes)
1723654753.523968 sending message 105 to peer 0x1079d340 (21 bytes)
1723654753.523969 sending message 105 to peer 0x1079d340 (48 bytes)
1723654753.523970 sending message 105 to peer 0x1079d340 (77 bytes)
1723654753.523972 sending message 105 to peer 0x1079d340 (789 bytes)
1723654753.523973 sending message 105 to peer 0x1079d340 (17 bytes)
1723654753.523974 sending message 105 to peer 0x1079d340 (37 bytes)
1723654753.523975 sending message 105 to peer 0x1079d340 (727 bytes)
1723654753.523977 sending message 105 to peer 0x1079d340 (34 bytes)
1723654753.523978 sending message 105 to peer 0x1079d340 (31 bytes)
1723654753.523979 sending message 105 to peer 0x1079d340 (15 bytes)
1723654753.523980 sending message 105 to peer 0x1079d340 (28 bytes)
1723654753.523982 sending message 105 to peer 0x1079d340 (38 bytes)
1723654753.523983 sending message 105 to peer 0x1079d340 (112 bytes)
1723654753.523984 sending message 105 to peer 0x1079d340 (52 bytes)
1723654753.523985 sending message 105 to peer 0x1079d340 (21 bytes)
1723654753.523986 sending message 105 to peer 0x1079d340 (11 bytes)
1723654753.523987 sending message 105 to peer 0x1079d340 (12 bytes)
1723654753.523988 sending message 105 to peer 0x1079d340 (25 bytes)
1723654753.523990 sending message 105 to peer 0x1079d340 (20 bytes)
1723654753.523991 sending message 105 to peer 0x1079d340 (23 bytes)
1723654753.523992 sending message 105 to peer 0x1079d340 (58 bytes)
1723654753.523993 sending message 105 to peer 0x1079d340 (15 bytes)
1723654753.523994 sending message 105 to peer 0x1079d340 (64 bytes)
1723654753.523995 sending message 105 to peer 0x1079d340 (20 bytes)
1723654753.523997 sending message 105 to peer 0x1079d340 (104 bytes)
1723654753.523998 sending message 105 to peer 0x1079d340 (11 bytes)
1723654753.523999 sending message 105 to peer 0x1079d340 (111 bytes)
1723654753.524001 sending message 105 to peer 0x1079d340 (59 bytes)
1723654753.524003 sending message 105 to peer 0x1079d340 (41 bytes)
1723654753.524004 sending message 105 to peer 0x1079d340 (11 bytes)
1723654753.524005 sending message 105 to peer 0x1079d340 (21 bytes)
1723654753.524006 sending message 105 to peer 0x1079d340 (87 bytes)
1723654753.524007 sending message 105 to peer 0x1079d340 (349 bytes)
1723654753.524008 sending message 105 to peer 0x1079d340 (50 bytes)
1723654753.524009 sending message 105 to peer 0x1079d340 (529 bytes)
1723654753.524011 sending message 105 to peer 0x1079d340 (416 bytes)
1723654753.524012 sending message 105 to peer 0x1079d340 (21 bytes)
1723654753.524013 sending message 105 to peer 0x1079d340 (31 bytes)
1723654753.524014 sending message 105 to peer 0x1079d340 (15 bytes)
1723654753.524015 sending message 105 to peer 0x1079d340 (348 bytes)
1723654753.524016 sending message 105 to peer 0x1079d340 (72 bytes)
1723654753.524018 sending message 105 to peer 0x1079d340 (23 bytes)
1723654753.524019 sending message 105 to peer 0x1079d340 (31 bytes)
1723654753.524021 sending message 105 to peer 0x1079d340 (727 bytes)
1723654753.524022 sending message 105 to peer 0x1079d340 (15 bytes)
1723654753.524023 sending message 105 to peer 0x1079d340 (90 bytes)
1723654753.524024 sending message 105 to peer 0x1079d340 (29 bytes)
1723654753.524025 sending message 105 to peer 0x1079d340 (361 bytes)
1723654753.524026 sending message 105 to peer 0x1079d340 (43 bytes)
1723654753.524027 sending message 105 to peer 0x1079d340 (25 bytes)
1723654753.524028 sending message 105 to peer 0x1079d340 (12 bytes)
1723654753.524029 sending message 105 to peer 0x1079d340 (23 bytes)
1723654753.524031 sending message 105 to peer 0x1079d340 (36 bytes)
1723654753.524032 sending message 105 to peer 0x1079d340 (24 bytes)
1723654753.524033 sending message 105 to peer 0x1079d340 (57 bytes)
1723654753.524034 sending message 105 to peer 0x1079d340 (128 bytes)
1723654753.524035 sending message 105 to peer 0x1079d340 (27 bytes)
1723654753.524037 sending message 105 to peer 0x1079d340 (112 bytes)
1723654753.524039 sending message 105 to peer 0x1079d340 (61 bytes)
1723654753.524040 sending message 105 to peer 0x1079d340 (46 bytes)
1723654753.524041 sending message 105 to peer 0x1079d340 (20 bytes)
1723654753.524043 sending message 106 to peer 0x1079d340 (0 bytes)
1723654753.524050 cmd_pack_argv: argv[0]=new
1723654753.524051 sending message 200 to peer 0x1079d340 (8 bytes)
1723654753.524052 client loop enter
1723654753.524995 client loop exit
